  Generator.cpp
e:\software\dropbox\uminho\3rd_year\2nd_semester\computação gráfica\assessment\cg-1617\generator\generator\generator.cpp(40): warning C4018: '<': signed/unsigned mismatch
e:\software\dropbox\uminho\3rd_year\2nd_semester\computação gráfica\assessment\cg-1617\generator\generator\generator.cpp(156): warning C4018: '<': signed/unsigned mismatch
e:\software\dropbox\uminho\3rd_year\2nd_semester\computação gráfica\assessment\cg-1617\generator\generator\generator.cpp(182): warning C4244: '=': conversion from 'double' to 'float', possible loss of data
e:\software\dropbox\uminho\3rd_year\2nd_semester\computação gráfica\assessment\cg-1617\generator\generator\generator.cpp(185): warning C4244: '=': conversion from 'double' to 'float', possible loss of data
e:\software\dropbox\uminho\3rd_year\2nd_semester\computação gráfica\assessment\cg-1617\generator\generator\generator.cpp(198): warning C4244: '=': conversion from 'double' to 'float', possible loss of data
e:\software\dropbox\uminho\3rd_year\2nd_semester\computação gráfica\assessment\cg-1617\generator\generator\generator.cpp(209): warning C4244: '=': conversion from 'double' to 'float', possible loss of data
e:\software\dropbox\uminho\3rd_year\2nd_semester\computação gráfica\assessment\cg-1617\generator\generator\generator.cpp(222): warning C4244: '=': conversion from 'double' to 'float', possible loss of data
e:\software\dropbox\uminho\3rd_year\2nd_semester\computação gráfica\assessment\cg-1617\generator\generator\generator.cpp(236): warning C4244: '=': conversion from 'double' to 'float', possible loss of data
e:\software\dropbox\uminho\3rd_year\2nd_semester\computação gráfica\assessment\cg-1617\generator\generator\generator.cpp(247): warning C4244: '=': conversion from 'double' to 'float', possible loss of data
e:\software\dropbox\uminho\3rd_year\2nd_semester\computação gráfica\assessment\cg-1617\generator\generator\generator.cpp(260): warning C4244: '=': conversion from 'double' to 'float', possible loss of data
e:\software\dropbox\uminho\3rd_year\2nd_semester\computação gráfica\assessment\cg-1617\generator\generator\generator.cpp(273): warning C4244: '=': conversion from 'double' to 'float', possible loss of data
e:\software\dropbox\uminho\3rd_year\2nd_semester\computação gráfica\assessment\cg-1617\generator\generator\generator.cpp(278): warning C4244: '=': conversion from 'double' to 'float', possible loss of data
e:\software\dropbox\uminho\3rd_year\2nd_semester\computação gráfica\assessment\cg-1617\generator\generator\generator.cpp(288): warning C4018: '<': signed/unsigned mismatch
e:\software\dropbox\uminho\3rd_year\2nd_semester\computação gráfica\assessment\cg-1617\generator\generator\generator.cpp(301): warning C4244: 'initializing': conversion from 'double' to 'float', possible loss of data
e:\software\dropbox\uminho\3rd_year\2nd_semester\computação gráfica\assessment\cg-1617\generator\generator\generator.cpp(302): warning C4244: 'initializing': conversion from 'double' to 'float', possible loss of data
e:\software\dropbox\uminho\3rd_year\2nd_semester\computação gráfica\assessment\cg-1617\generator\generator\generator.cpp(337): warning C4018: '<': signed/unsigned mismatch
e:\software\dropbox\uminho\3rd_year\2nd_semester\computação gráfica\assessment\cg-1617\generator\generator\generator.cpp(352): warning C4244: 'initializing': conversion from 'double' to 'float', possible loss of data
e:\software\dropbox\uminho\3rd_year\2nd_semester\computação gráfica\assessment\cg-1617\generator\generator\generator.cpp(353): warning C4244: 'initializing': conversion from 'double' to 'float', possible loss of data
e:\software\dropbox\uminho\3rd_year\2nd_semester\computação gráfica\assessment\cg-1617\generator\generator\generator.cpp(385): warning C4018: '<': signed/unsigned mismatch
e:\software\dropbox\uminho\3rd_year\2nd_semester\computação gráfica\assessment\cg-1617\generator\generator\generator.cpp(429): warning C4018: '<': signed/unsigned mismatch
e:\software\dropbox\uminho\3rd_year\2nd_semester\computação gráfica\assessment\cg-1617\generator\generator\generator.cpp(520): warning C4018: '<': signed/unsigned mismatch
e:\software\dropbox\uminho\3rd_year\2nd_semester\computação gráfica\assessment\cg-1617\generator\generator\generator.cpp(556): warning C4244: 'argument': conversion from 'int' to 'float', possible loss of data
  Generator.vcxproj -> E:\Software\Dropbox\uminho\3rd_year\2nd_semester\Computação Gráfica\Assessment\cg-1617\Generator\Debug\Generator.exe
  Generator.vcxproj -> E:\Software\Dropbox\uminho\3rd_year\2nd_semester\Computação Gráfica\Assessment\cg-1617\Generator\Debug\Generator.pdb (Full PDB)
